<?xml version="1.0" encoding="UTF-8"?>
<testng-results skipped="0" failed="0" ignored="0" total="1" passed="1">
  <reporter-output>
  </reporter-output>
  <suite name="Default suite" duration-ms="29383" started-at="2017-10-04T17:03:36Z" finished-at="2017-10-04T17:04:05Z">
    <groups>
    </groups>
    <test name="Default test" duration-ms="29383" started-at="2017-10-04T17:03:36Z" finished-at="2017-10-04T17:04:05Z">
      <class name="com.test.Automation.Naukri.testCase.UpdateResume">
        <test-method status="PASS" signature="setUp()[pri:0, instance:com.test.Automation.Naukri.testCase.UpdateResume@7d9d1a19]" name="setUp" is-config="true" duration-ms="18949" started-at="2017-10-04T22:33:36Z" finished-at="2017-10-04T22:33:55Z">
          <reporter-output>
          </reporter-output>
        </test-method> <!-- setUp -->
        <test-method status="PASS" signature="verifyLoginWithInvalidCredintials()[pri:0, instance:com.test.Automation.Naukri.testCase.UpdateResume@7d9d1a19]" name="verifyLoginWithInvalidCredintials" duration-ms="10401" started-at="2017-10-04T22:33:55Z" finished-at="2017-10-04T22:34:05Z">
          <reporter-output>
          </reporter-output>
        </test-method> <!-- verifyLoginWithInvalidCredintials -->
      </class> <!-- com.test.Automation.Naukri.testCase.UpdateResume -->
    </test> <!-- Default test -->
  </suite> <!-- Default suite -->
</testng-results>
